<?xml version="1.0" encoding="UTF-8"?>
<testng-results skipped="0" failed="0" ignored="0" total="1" passed="1">
  <reporter-output>
  </reporter-output>
  <suite name="Default suite" duration-ms="9750" started-at="2017-09-15T05:06:19Z" finished-at="2017-09-15T05:06:29Z">
    <groups>
    </groups>
    <test name="Default test" duration-ms="9750" started-at="2017-09-15T05:06:19Z" finished-at="2017-09-15T05:06:29Z">
      <class name="Selenium_grid.Grid_setup">
        <test-method status="PASS" signature="test()[pri:0, instance:Selenium_grid.Grid_setup@4501b7af]" name="test" duration-ms="9720" started-at="2017-09-15T10:36:19Z" finished-at="2017-09-15T10:36:29Z">
          <reporter-output>
          </reporter-output>
        </test-method> <!-- test -->
      </class> <!-- Selenium_grid.Grid_setup -->
    </test> <!-- Default test -->
  </suite> <!-- Default suite -->
</testng-results>
